<?xml version="1.0" encoding="UTF-8"?>
<testng-results skipped="0" failed="0" ignored="0" total="1" passed="1">
  <reporter-output>
  </reporter-output>
  <suite name="Suite" duration-ms="8116" started-at="2022-09-01T12:37:51 IST" finished-at="2022-09-01T12:37:59 IST">
    <groups>
    </groups>
    <test name="Test" duration-ms="8116" started-at="2022-09-01T12:37:51 IST" finished-at="2022-09-01T12:37:59 IST">
      <class name="basicpoi.ReadDataFromDB">
        <test-method status="PASS" signature="createDBConnection()[pri:0, instance:basicpoi.ReadDataFromDB@56ef9176]" name="createDBConnection" is-config="true" duration-ms="1359" started-at="2022-09-01T12:37:51 IST" finished-at="2022-09-01T12:37:52 IST">
          <reporter-output>
          </reporter-output>
        </test-method> <!-- createDBConnection -->
        <test-method status="PASS" signature="LoadAUT()[pri:0, instance:basicpoi.ReadDataFromDB@56ef9176]" name="LoadAUT" is-config="true" duration-ms="6620" started-at="2022-09-01T12:37:52 IST" finished-at="2022-09-01T12:37:59 IST">
          <reporter-output>
          </reporter-output>
        </test-method> <!-- LoadAUT -->
        <test-method status="PASS" signature="geDBData()[pri:0, instance:basicpoi.ReadDataFromDB@56ef9176]" name="geDBData" duration-ms="52" started-at="2022-09-01T12:37:59 IST" finished-at="2022-09-01T12:37:59 IST">
          <reporter-output>
          </reporter-output>
        </test-method> <!-- geDBData -->
        <test-method status="PASS" signature="cloaseAUT()[pri:0, instance:basicpoi.ReadDataFromDB@56ef9176]" name="cloaseAUT" is-config="true" duration-ms="1" started-at="2022-09-01T12:37:59 IST" finished-at="2022-09-01T12:37:59 IST">
          <reporter-output>
          </reporter-output>
        </test-method> <!-- cloaseAUT -->
        <test-method status="PASS" signature="cloaseDBConnection()[pri:0, instance:basicpoi.ReadDataFromDB@56ef9176]" name="cloaseDBConnection" is-config="true" duration-ms="1" started-at="2022-09-01T12:37:59 IST" finished-at="2022-09-01T12:37:59 IST">
          <reporter-output>
          </reporter-output>
        </test-method> <!-- cloaseDBConnection -->
      </class> <!-- basicpoi.ReadDataFromDB -->
    </test> <!-- Test -->
  </suite> <!-- Suite -->
</testng-results>
