<?xml version="1.0" encoding="UTF-8"?>
<testng-results skipped="0" failed="0" ignored="0" total="1" passed="1">
  <reporter-output>
  </reporter-output>
  <suite name="Default suite" duration-ms="29818" started-at="2022-09-01T14:41:16 IST" finished-at="2022-09-01T14:41:46 IST">
    <groups>
    </groups>
    <test name="Default test" duration-ms="29818" started-at="2022-09-01T14:41:16 IST" finished-at="2022-09-01T14:41:46 IST">
      <class name="basicpoi.ReadDataFromDB">
        <test-method status="PASS" signature="createDBConnection()[pri:0, instance:basicpoi.ReadDataFromDB@d44fc21]" name="createDBConnection" is-config="true" duration-ms="1480" started-at="2022-09-01T14:41:16 IST" finished-at="2022-09-01T14:41:18 IST">
          <reporter-output>
          </reporter-output>
        </test-method> <!-- createDBConnection -->
        <test-method status="PASS" signature="LoadAUT()[pri:0, instance:basicpoi.ReadDataFromDB@d44fc21]" name="LoadAUT" is-config="true" duration-ms="6566" started-at="2022-09-01T14:41:18 IST" finished-at="2022-09-01T14:41:24 IST">
          <reporter-output>
          </reporter-output>
        </test-method> <!-- LoadAUT -->
        <test-method status="PASS" signature="geDBData()[pri:0, instance:basicpoi.ReadDataFromDB@d44fc21]" name="geDBData" duration-ms="21699" started-at="2022-09-01T14:41:24 IST" finished-at="2022-09-01T14:41:46 IST">
          <reporter-output>
          </reporter-output>
        </test-method> <!-- geDBData -->
        <test-method status="PASS" signature="cloaseAUT()[pri:0, instance:basicpoi.ReadDataFromDB@d44fc21]" name="cloaseAUT" is-config="true" duration-ms="1" started-at="2022-09-01T14:41:46 IST" finished-at="2022-09-01T14:41:46 IST">
          <reporter-output>
          </reporter-output>
        </test-method> <!-- cloaseAUT -->
        <test-method status="PASS" signature="cloaseDBConnection()[pri:0, instance:basicpoi.ReadDataFromDB@d44fc21]" name="cloaseDBConnection" is-config="true" duration-ms="1" started-at="2022-09-01T14:41:46 IST" finished-at="2022-09-01T14:41:46 IST">
          <reporter-output>
          </reporter-output>
        </test-method> <!-- cloaseDBConnection -->
      </class> <!-- basicpoi.ReadDataFromDB -->
    </test> <!-- Default test -->
  </suite> <!-- Default suite -->
</testng-results>
